<?xml version="1.0" encoding="UTF-8"?>
<testsuite name="Project.OpenBook.Service.AdminServiceTest" tests="1" skipped="0" failures="0" errors="0" timestamp="2023-03-27T12:59:41" hostname="Limui-MacBookPro.local" time="0.658">
  <properties/>
  <testcase name="정상적인 회원가입" classname="Project.OpenBook.Service.AdminServiceTest" time="0.658"/>
  <system-out><![CDATA[]]></system-out>
  <system-err><![CDATA[]]></system-err>
</testsuite>
